APP/Backup - Log og Reg v2/AndroidLoginAndRegistration/app/build/outputs/logs/manifest-merger-debug-report.txt
-- Merging decision tree log ---
manifest
ADDED from src/main/AndroidManifest.xml:2:1-45:12
	package
		ADDED from src/main/AndroidManifest.xml:3:5-52
		INJECTED from src/main/AndroidManifest.xml
		INJECTED from src/main/AndroidManifest.xml
	android:versionName
		ADDED from src/main/AndroidManifest.xml:5:5-30
		INJECTED from src/main/AndroidManifest.xml
		INJECTED from src/main/AndroidManifest.xml
	android:versionCode
		ADDED from src/main/AndroidManifest.xml:4:5-28
		INJECTED from src/main/AndroidManifest.xml
		INJECTED from src/main/AndroidManifest.xml
	xmlns:android
		ADDED from src/main/AndroidManifest.xml:2:11-69
uses-sdk
ADDED from src/main/AndroidManifest.xml:8:5-10:41
MERGED from [com.android.support:design:23.1.1] AndroidManifest.xml:20:5-43
MERGED from [com.android.support:appcompat-v7:23.1.1] AndroidManifest.xml:20:5-43
MERGED from [com.android.support:recyclerview-v7:23.1.1] AndroidManifest.xml:20:5-43
MERGED from [com.android.support:support-v4:23.1.1] AndroidManifest.xml:20:5-43
MERGED from [com.mcxiaoke.volley:library-aar:1.0.0] AndroidManifest.xml:3:5-72
	android:targetSdkVersion
		ADDED from src/main/AndroidManifest.xml:10:9-38
		INJECTED from src/main/AndroidManifest.xml
		INJECTED from src/main/AndroidManifest.xml
	android:minSdkVersion
		ADDED from src/main/AndroidManifest.xml:9:9-34
		INJECTED from src/main/AndroidManifest.xml
		INJECTED from src/main/AndroidManifest.xml
uses-permission#android.permission.INTERNET
ADDED from src/main/AndroidManifest.xml:12:5-67
	android:name
		ADDED from src/main/AndroidManifest.xml:12:22-64
uses-permission#android.permission.ACCESS_FINE_LOCATION
ADDED from src/main/AndroidManifest.xml:13:5-79
	android:name
		ADDED from src/main/AndroidManifest.xml:13:22-76
uses-permission#android.permission.ACCESS_COARSE_LOCATION
ADDED from src/main/AndroidManifest.xml:15:5-80
	android:name
		ADDED from src/main/AndroidManifest.xml:15:22-78
application
ADDED from src/main/AndroidManifest.xml:17:5-43:19
MERGED from [com.android.support:design:23.1.1] AndroidManifest.xml:22:5-20
MERGED from [com.android.support:appcompat-v7:23.1.1] AndroidManifest.xml:22:5-20
MERGED from [com.android.support:support-v4:23.1.1] AndroidManifest.xml:22:5-20
MERGED from [com.mcxiaoke.volley:library-aar:1.0.0] AndroidManifest.xml:5:5-19
	android:allowBackup
		ADDED from src/main/AndroidManifest.xml:20:9-35
	android:theme
		ADDED from src/main/AndroidManifest.xml:18:9-40
	android:name
		ADDED from src/main/AndroidManifest.xml:19:9-79
activity#info.androidhive.loginandregistration.activity.LoginActivity
ADDED from src/main/AndroidManifest.xml:22:9-31:20
	android:launchMode
		ADDED from src/main/AndroidManifest.xml:24:13-43
	android:windowSoftInputMode
		ADDED from src/main/AndroidManifest.xml:25:13-52
	android:name
		ADDED from src/main/AndroidManifest.xml:23:13-51
intent-filter#android.intent.action.MAIN+android.intent.category.LAUNCHER
ADDED from src/main/AndroidManifest.xml:26:13-30:29
action#android.intent.action.MAIN
ADDED from src/main/AndroidManifest.xml:27:17-69
	android:name
		ADDED from src/main/AndroidManifest.xml:27:25-66
category#android.intent.category.LAUNCHER
ADDED from src/main/AndroidManifest.xml:29:17-77
	android:name
		ADDED from src/main/AndroidManifest.xml:29:27-74
activity#info.androidhive.loginandregistration.activity.MainActivity
ADDED from src/main/AndroidManifest.xml:33:9-90
	android:launchMode
		ADDED from src/main/AndroidManifest.xml:33:57-87
	android:name
		ADDED from src/main/AndroidManifest.xml:33:19-56
activity#info.androidhive.loginandregistration.activity.RedigeringController
ADDED from src/main/AndroidManifest.xml:34:9-97
	android:launchMode
		ADDED from src/main/AndroidManifest.xml:34:65-95
	android:name
		ADDED from src/main/AndroidManifest.xml:34:19-64
activity#info.androidhive.loginandregistration.activity.KATEGORISERING
ADDED from src/main/AndroidManifest.xml:35:9-70
	android:name
		ADDED from src/main/AndroidManifest.xml:35:19-58
activity#info.androidhive.loginandregistration.activity.MENU
ADDED from src/main/AndroidManifest.xml:36:9-60
	android:name
		ADDED from src/main/AndroidManifest.xml:36:19-48
activity#info.androidhive.loginandregistration.activity.LOGUD
ADDED from src/main/AndroidManifest.xml:37:9-61
	android:name
		ADDED from src/main/AndroidManifest.xml:37:19-49
activity#info.androidhive.loginandregistration.activity.REDIGERING
ADDED from src/main/AndroidManifest.xml:38:9-66
	android:name
		ADDED from src/main/AndroidManifest.xml:38:19-54
activity#info.androidhive.loginandregistration.activity.RESULTATER
ADDED from src/main/AndroidManifest.xml:39:9-66
	android:name
		ADDED from src/main/AndroidManifest.xml:39:19-54
activity#info.androidhive.loginandregistration.activity.TILPASNING
ADDED from src/main/AndroidManifest.xml:40:9-66
	android:name
		ADDED from src/main/AndroidManifest.xml:40:19-54
activity#info.androidhive.loginandregistration.activity.TRAENING
ADDED from src/main/AndroidManifest.xml:41:9-64
	android:name
		ADDED from src/main/AndroidManifest.xml:41:19-52
activity#info.androidhive.loginandregistration.activity.VENNELISTE
ADDED from src/main/AndroidManifest.xml:42:9-66
	android:name
		ADDED from src/main/AndroidManifest.xml:42:19-54